TN:
SF:src/server.ts
FN:28,(anonymous_0)
FN:50,(anonymous_1)
FN:63,(anonymous_2)
FN:69,(anonymous_3)
FN:86,(anonymous_4)
FN:88,(anonymous_5)
FNF:6
FNH:4
FNDA:5,(anonymous_0)
FNDA:5,(anonymous_1)
FNDA:2,(anonymous_2)
FNDA:1,(anonymous_3)
FNDA:0,(anonymous_4)
FNDA:0,(anonymous_5)
DA:19,1
DA:23,1
DA:27,1
DA:28,1
DA:29,5
DA:30,0
DA:32,5
DA:38,1
DA:44,1
DA:50,5
DA:53,1
DA:54,1
DA:56,1
DA:60,1
DA:63,1
DA:64,2
DA:69,1
DA:70,1
DA:71,1
DA:80,1
DA:81,1
DA:86,1
DA:87,0
DA:88,0
DA:89,0
DA:95,1
DA:96,0
LF:27
LH:22
BRDA:29,0,0,0
BRDA:29,0,1,5
BRDA:39,1,0,0
BRDA:39,1,1,1
BRDA:71,2,0,0
BRDA:71,2,1,1
BRDA:72,3,0,0
BRDA:72,3,1,1
BRDA:73,4,0,0
BRDA:73,4,1,1
BRDA:95,5,0,0
BRDA:95,5,1,1
BRF:12
BRH:6
end_of_record
TN:
SF:src/config/database.ts
FN:9,(anonymous_0)
FN:17,(anonymous_1)
FN:21,(anonymous_2)
FNF:3
FNH:0
FNDA:0,(anonymous_0)
FNDA:0,(anonymous_1)
FNDA:0,(anonymous_2)
DA:9,1
DA:10,0
DA:11,0
DA:13,0
DA:15,0
DA:17,0
DA:18,0
DA:21,0
DA:22,0
DA:25,0
DA:26,0
LF:11
LH:1
BRDA:25,0,0,0
BRDA:25,0,1,0
BRF:2
BRH:0
end_of_record
TN:
SF:src/config/env.ts
FN:18,(anonymous_0)
FN:42,(anonymous_1)
FN:63,(anonymous_2)
FN:86,(anonymous_3)
FNF:4
FNH:4
FNDA:3,(anonymous_0)
FNDA:3,(anonymous_1)
FNDA:2,(anonymous_2)
FNDA:3,(anonymous_3)
DA:7,3
DA:8,3
DA:9,0
DA:18,3
DA:19,3
DA:20,0
DA:23,3
DA:24,3
DA:25,3
DA:26,3
DA:27,3
DA:28,3
DA:30,3
DA:36,3
DA:42,3
DA:43,3
DA:45,3
DA:46,0
DA:52,3
DA:53,0
DA:56,3
DA:63,3
DA:64,2
DA:65,2
DA:66,2
DA:67,2
DA:68,2
DA:70,1
DA:86,3
LF:29
LH:25
BRDA:8,0,0,0
BRDA:8,0,1,3
BRDA:19,1,0,0
BRDA:19,1,1,3
BRDA:26,2,0,3
BRDA:26,2,1,0
BRDA:28,3,0,3
BRDA:28,3,1,0
BRDA:45,4,0,0
BRDA:45,4,1,3
BRDA:45,5,0,3
BRDA:45,5,1,3
BRDA:52,6,0,0
BRDA:52,6,1,3
BRDA:75,7,0,3
BRDA:75,7,1,3
BRDA:80,8,0,3
BRDA:80,8,1,0
BRDA:84,9,0,3
BRDA:84,9,1,3
BRF:20
BRH:13
end_of_record
TN:
SF:src/config/swagger.ts
FNF:0
FNH:0
DA:4,1
DA:51,1
LF:2
LH:2
BRF:0
BRH:0
end_of_record
TN:
SF:src/controllers/ContactController.ts
FN:19,getAllContacts
FN:73,createContact
FN:124,getContactById
FN:187,updateContact
FN:235,deleteContact
FNF:5
FNH:0
FNDA:0,getAllContacts
FNDA:0,createContact
FNDA:0,getContactById
FNDA:0,updateContact
FNDA:0,deleteContact
DA:20,0
DA:21,0
DA:23,0
DA:29,0
DA:74,0
DA:76,0
DA:78,0
DA:79,0
DA:83,0
DA:87,0
DA:90,0
DA:92,0
DA:97,0
DA:125,0
DA:126,0
DA:128,0
DA:129,0
DA:133,0
DA:136,0
DA:141,0
DA:188,0
DA:189,0
DA:195,0
DA:196,0
DA:200,0
DA:203,0
DA:208,0
DA:236,0
DA:237,0
DA:239,0
DA:244,0
LF:31
LH:0
BRDA:78,0,0,0
BRDA:78,0,1,0
BRDA:128,1,0,0
BRDA:128,1,1,0
BRDA:195,2,0,0
BRDA:195,2,1,0
BRF:6
BRH:0
end_of_record
TN:
SF:src/controllers/UserController.ts
FN:38,getAllUsers
FN:87,createUser
FN:152,getUserById
FN:211,updateUser
FN:259,deleteUser
FN:301,authenticate
FN:383,changePassword
FNF:7
FNH:0
FNDA:0,getAllUsers
FNDA:0,createUser
FNDA:0,getUserById
FNDA:0,updateUser
FNDA:0,deleteUser
FNDA:0,authenticate
FNDA:0,changePassword
DA:39,0
DA:40,0
DA:42,0
DA:48,0
DA:88,0
DA:89,0
DA:92,0
DA:94,0
DA:95,0
DA:99,0
DA:103,0
DA:112,0
DA:115,0
DA:120,0
DA:125,0
DA:153,0
DA:154,0
DA:156,0
DA:157,0
DA:161,0
DA:164,0
DA:169,0
DA:212,0
DA:213,0
DA:219,0
DA:220,0
DA:224,0
DA:227,0
DA:232,0
DA:260,0
DA:261,0
DA:263,0
DA:268,0
DA:302,0
DA:303,0
DA:306,0
DA:308,0
DA:309,0
DA:313,0
DA:317,0
DA:319,0
DA:320,0
DA:324,0
DA:328,0
DA:331,0
DA:333,0
DA:338,0
DA:345,0
DA:384,0
DA:385,0
DA:386,0
DA:388,0
DA:389,0
DA:393,0
DA:397,0
DA:400,0
DA:402,0
DA:407,0
LF:58
LH:0
BRDA:94,0,0,0
BRDA:94,0,1,0
BRDA:156,1,0,0
BRDA:156,1,1,0
BRDA:219,2,0,0
BRDA:219,2,1,0
BRDA:308,3,0,0
BRDA:308,3,1,0
BRDA:319,4,0,0
BRDA:319,4,1,0
BRDA:388,5,0,0
BRDA:388,5,1,0
BRF:12
BRH:0
end_of_record
TN:
SF:src/middlewares/auth.middleware.ts
FN:17,(anonymous_0)
FNF:1
FNH:1
FNDA:5,(anonymous_0)
DA:17,2
DA:18,5
DA:22,5
DA:24,5
DA:25,2
DA:29,5
DA:30,3
DA:37,2
DA:40,2
DA:42,2
DA:44,1
LF:11
LH:11
BRDA:24,0,0,2
BRDA:24,0,1,3
BRDA:24,1,0,5
BRDA:24,1,1,2
BRDA:29,2,0,3
BRDA:29,2,1,2
BRF:6
BRH:6
end_of_record
TN:
SF:src/middlewares/error.middleware.ts
FN:9,(anonymous_0)
FN:25,(anonymous_1)
FNF:2
FNH:2
FNDA:1,(anonymous_0)
FNDA:1,(anonymous_1)
DA:9,1
DA:15,1
DA:17,1
DA:25,1
DA:26,1
DA:27,1
DA:28,1
LF:7
LH:7
BRDA:15,0,0,1
BRDA:15,0,1,0
BRDA:19,1,0,1
BRDA:19,1,1,0
BRDA:20,2,0,0
BRDA:20,2,1,1
BRF:6
BRH:3
end_of_record
TN:
SF:src/models/contact.ts
FNF:0
FNH:0
DA:15,1
DA:38,1
LF:2
LH:2
BRF:0
BRH:0
end_of_record
TN:
SF:src/models/user.ts
FNF:0
FNH:0
DA:16,1
DA:44,1
LF:2
LH:2
BRF:0
BRH:0
end_of_record
TN:
SF:src/routes/api.routes.ts
FN:21,(anonymous_0)
FNF:1
FNH:0
FNDA:0,(anonymous_0)
DA:7,1
DA:11,1
DA:21,1
DA:22,0
DA:29,1
DA:33,1
DA:38,1
DA:62,1
DA:76,1
DA:99,1
LF:10
LH:9
BRF:0
BRH:0
end_of_record
